2023-03-22 00:23:31,075 INFO [base.py(__init__:19)] - 正在初始化driver：
2023-03-22 00:23:31,077 INFO [page_mp_login.py(page_mp_login:38)] - 正在调用登录业务方法，用户名: haitao 密码: 123
2023-03-22 00:23:31,077 INFO [base.py(base_find:28)] - 正在查找元素：('css selector', "[placeholder='请输入用户名']")
2023-03-22 00:23:31,086 INFO [base.py(base_input:54)] - 正在对: ('css selector', "[placeholder='请输入用户名']")元素执行清空操作! 
2023-03-22 00:23:31,105 INFO [base.py(base_input:57)] - 正在对: ('css selector', "[placeholder='请输入用户名']")元素执行输入:haitao 操作!
2023-03-22 00:23:31,160 INFO [base.py(base_find:28)] - 正在查找元素：('css selector', " [placeholder='请输入密码']")
2023-03-22 00:23:31,168 INFO [base.py(base_input:54)] - 正在对: ('css selector', " [placeholder='请输入密码']")元素执行清空操作! 
2023-03-22 00:23:31,188 INFO [base.py(base_input:57)] - 正在对: ('css selector', " [placeholder='请输入密码']")元素执行输入:123 操作!
2023-03-22 00:23:31,219 INFO [base.py(base_click:65)] - 正在对: ('css selector', '#login') 元素执行点击操作 
2023-03-22 00:23:31,219 INFO [base.py(base_find:28)] - 正在查找元素：('css selector', '#login')
2023-03-22 00:23:32,250 INFO [base.py(base_find:28)] - 正在查找元素：('css selector', '[role="alert"] > p')
2023-03-22 00:23:32,273 INFO [base.py(base_get_text:72)] - 正在对: ('css selector', '[role="alert"] > p')元素获取文本操作!，获取的文本值: 登录成功 
2023-03-22 00:23:32,274 INFO [base.py(base_find:28)] - 正在查找元素：('css selector', '[role="alert"] > p')
2023-03-22 00:23:32,284 INFO [base.py(base_find:28)] - 正在查找元素：('css selector', '#role')
2023-03-22 00:23:32,305 INFO [base.py(base_get_text:72)] - 正在对: ('css selector', '#role')元素获取文本操作!，获取的文本值: 角色：ROLE_STUDENT 
2023-03-22 00:23:32,306 INFO [base.py(base_find:28)] - 正在查找元素：('css selector', '#role')
2023-03-22 00:23:36,466 INFO [base.py(__init__:19)] - 正在初始化driver：
2023-03-22 00:23:36,466 INFO [page_mp_login.py(page_mp_login:38)] - 正在调用登录业务方法，用户名: 11111 密码: 123
2023-03-22 00:23:36,467 INFO [base.py(base_find:28)] - 正在查找元素：('css selector', "[placeholder='请输入用户名']")
2023-03-22 00:23:36,475 INFO [base.py(base_input:54)] - 正在对: ('css selector', "[placeholder='请输入用户名']")元素执行清空操作! 
2023-03-22 00:23:36,494 INFO [base.py(base_input:57)] - 正在对: ('css selector', "[placeholder='请输入用户名']")元素执行输入:11111 操作!
2023-03-22 00:23:36,543 INFO [base.py(base_find:28)] - 正在查找元素：('css selector', " [placeholder='请输入密码']")
2023-03-22 00:23:36,551 INFO [base.py(base_input:54)] - 正在对: ('css selector', " [placeholder='请输入密码']")元素执行清空操作! 
2023-03-22 00:23:36,570 INFO [base.py(base_input:57)] - 正在对: ('css selector', " [placeholder='请输入密码']")元素执行输入:123 操作!
2023-03-22 00:23:36,600 INFO [base.py(base_click:65)] - 正在对: ('css selector', '#login') 元素执行点击操作 
2023-03-22 00:23:36,601 INFO [base.py(base_find:28)] - 正在查找元素：('css selector', '#login')
2023-03-22 00:23:37,640 INFO [base.py(base_find:28)] - 正在查找元素：('css selector', '[role="alert"] > p')
2023-03-22 00:23:37,657 INFO [base.py(base_get_text:72)] - 正在对: ('css selector', '[role="alert"] > p')元素获取文本操作!，获取的文本值: 登录成功 
2023-03-22 00:23:37,657 INFO [base.py(base_find:28)] - 正在查找元素：('css selector', '[role="alert"] > p')
2023-03-22 00:23:37,666 INFO [base.py(base_find:28)] - 正在查找元素：('css selector', '#role')
2023-03-22 00:23:37,682 INFO [base.py(base_get_text:72)] - 正在对: ('css selector', '#role')元素获取文本操作!，获取的文本值: 角色：ROLE_TEACHER 
2023-03-22 00:23:37,682 INFO [base.py(base_find:28)] - 正在查找元素：('css selector', '#role')
2023-03-22 00:23:42,328 INFO [base.py(__init__:19)] - 正在初始化driver：
2023-03-22 00:23:42,329 INFO [page_mp_login.py(page_mp_login:38)] - 正在调用登录业务方法，用户名: admin 密码: admin
2023-03-22 00:23:42,329 INFO [base.py(base_find:28)] - 正在查找元素：('css selector', "[placeholder='请输入用户名']")
2023-03-22 00:23:42,337 INFO [base.py(base_input:54)] - 正在对: ('css selector', "[placeholder='请输入用户名']")元素执行清空操作! 
2023-03-22 00:23:42,356 INFO [base.py(base_input:57)] - 正在对: ('css selector', "[placeholder='请输入用户名']")元素执行输入:admin 操作!
2023-03-22 00:23:42,405 INFO [base.py(base_find:28)] - 正在查找元素：('css selector', " [placeholder='请输入密码']")
2023-03-22 00:23:42,413 INFO [base.py(base_input:54)] - 正在对: ('css selector', " [placeholder='请输入密码']")元素执行清空操作! 
2023-03-22 00:23:42,434 INFO [base.py(base_input:57)] - 正在对: ('css selector', " [placeholder='请输入密码']")元素执行输入:admin 操作!
2023-03-22 00:23:42,470 INFO [base.py(base_click:65)] - 正在对: ('css selector', '#login') 元素执行点击操作 
2023-03-22 00:23:42,470 INFO [base.py(base_find:28)] - 正在查找元素：('css selector', '#login')
2023-03-22 00:23:43,518 INFO [base.py(base_find:28)] - 正在查找元素：('css selector', '[role="alert"] > p')
2023-03-22 00:23:43,535 INFO [base.py(base_get_text:72)] - 正在对: ('css selector', '[role="alert"] > p')元素获取文本操作!，获取的文本值: 登录成功 
2023-03-22 00:23:43,535 INFO [base.py(base_find:28)] - 正在查找元素：('css selector', '[role="alert"] > p')
2023-03-22 00:23:43,544 INFO [base.py(base_find:28)] - 正在查找元素：('css selector', '#role')
2023-03-22 00:23:43,560 INFO [base.py(base_get_text:72)] - 正在对: ('css selector', '#role')元素获取文本操作!，获取的文本值: 角色：ROLE_ADMIN 
2023-03-22 00:23:43,560 INFO [base.py(base_find:28)] - 正在查找元素：('css selector', '#role')
2023-03-22 00:23:47,739 INFO [base.py(__init__:19)] - 正在初始化driver：
2023-03-22 00:23:47,739 INFO [page_mp_login.py(page_mp_login:38)] - 正在调用登录业务方法，用户名: 11111 密码: 111
2023-03-22 00:23:47,739 INFO [base.py(base_find:28)] - 正在查找元素：('css selector', "[placeholder='请输入用户名']")
2023-03-22 00:23:47,747 INFO [base.py(base_input:54)] - 正在对: ('css selector', "[placeholder='请输入用户名']")元素执行清空操作! 
2023-03-22 00:23:47,766 INFO [base.py(base_input:57)] - 正在对: ('css selector', "[placeholder='请输入用户名']")元素执行输入:11111 操作!
2023-03-22 00:23:47,815 INFO [base.py(base_find:28)] - 正在查找元素：('css selector', " [placeholder='请输入密码']")
2023-03-22 00:23:47,823 INFO [base.py(base_input:54)] - 正在对: ('css selector', " [placeholder='请输入密码']")元素执行清空操作! 
2023-03-22 00:23:47,842 INFO [base.py(base_input:57)] - 正在对: ('css selector', " [placeholder='请输入密码']")元素执行输入:111 操作!
2023-03-22 00:23:47,874 INFO [base.py(base_click:65)] - 正在对: ('css selector', '#login') 元素执行点击操作 
2023-03-22 00:23:47,874 INFO [base.py(base_find:28)] - 正在查找元素：('css selector', '#login')
2023-03-22 00:23:48,913 INFO [base.py(base_find:28)] - 正在查找元素：('css selector', '[role="alert"] > p')
2023-03-22 00:23:48,933 INFO [base.py(base_get_text:72)] - 正在对: ('css selector', '[role="alert"] > p')元素获取文本操作!，获取的文本值: 用户名或密码错误 
2023-03-22 00:23:48,934 INFO [base.py(base_find:28)] - 正在查找元素：('css selector', '[role="alert"] > p')
2023-03-22 00:23:53,658 INFO [base.py(__init__:19)] - 正在初始化driver：
2023-03-22 00:23:53,658 INFO [page_mp_login.py(page_mp_login:38)] - 正在调用登录业务方法，用户名:  密码: 111
2023-03-22 00:23:53,658 INFO [base.py(base_find:28)] - 正在查找元素：('css selector', "[placeholder='请输入用户名']")
2023-03-22 00:23:53,667 INFO [base.py(base_input:54)] - 正在对: ('css selector', "[placeholder='请输入用户名']")元素执行清空操作! 
2023-03-22 00:23:53,686 INFO [base.py(base_input:57)] - 正在对: ('css selector', "[placeholder='请输入用户名']")元素执行输入: 操作!
2023-03-22 00:23:53,719 INFO [base.py(base_find:28)] - 正在查找元素：('css selector', " [placeholder='请输入密码']")
2023-03-22 00:23:53,727 INFO [base.py(base_input:54)] - 正在对: ('css selector', " [placeholder='请输入密码']")元素执行清空操作! 
2023-03-22 00:23:53,746 INFO [base.py(base_input:57)] - 正在对: ('css selector', " [placeholder='请输入密码']")元素执行输入:111 操作!
2023-03-22 00:23:53,785 INFO [base.py(base_click:65)] - 正在对: ('css selector', '#login') 元素执行点击操作 
2023-03-22 00:23:53,785 INFO [base.py(base_find:28)] - 正在查找元素：('css selector', '#login')
2023-03-22 00:23:54,825 INFO [base.py(base_find_mult:40)] - 正在查找元素：('css selector', '.el-form-item__error')
2023-03-22 00:23:54,841 INFO [base.py(base_get_mult_text:83)] - 正在对: ('css selector', '.el-form-item__error')元素获取文本操作!，获取的文本值: ['请输入用户名'] 
2023-03-22 00:23:58,942 INFO [base.py(__init__:19)] - 正在初始化driver：
2023-03-22 00:23:58,943 INFO [page_mp_login.py(page_mp_login:38)] - 正在调用登录业务方法，用户名: 11111 密码: 
2023-03-22 00:23:58,943 INFO [base.py(base_find:28)] - 正在查找元素：('css selector', "[placeholder='请输入用户名']")
2023-03-22 00:23:58,951 INFO [base.py(base_input:54)] - 正在对: ('css selector', "[placeholder='请输入用户名']")元素执行清空操作! 
2023-03-22 00:23:58,969 INFO [base.py(base_input:57)] - 正在对: ('css selector', "[placeholder='请输入用户名']")元素执行输入:11111 操作!
2023-03-22 00:23:59,020 INFO [base.py(base_find:28)] - 正在查找元素：('css selector', " [placeholder='请输入密码']")
2023-03-22 00:23:59,028 INFO [base.py(base_input:54)] - 正在对: ('css selector', " [placeholder='请输入密码']")元素执行清空操作! 
2023-03-22 00:23:59,048 INFO [base.py(base_input:57)] - 正在对: ('css selector', " [placeholder='请输入密码']")元素执行输入: 操作!
2023-03-22 00:23:59,071 INFO [base.py(base_click:65)] - 正在对: ('css selector', '#login') 元素执行点击操作 
2023-03-22 00:23:59,071 INFO [base.py(base_find:28)] - 正在查找元素：('css selector', '#login')
2023-03-22 00:24:00,111 INFO [base.py(base_find_mult:40)] - 正在查找元素：('css selector', '.el-form-item__error')
2023-03-22 00:24:00,128 INFO [base.py(base_get_mult_text:83)] - 正在对: ('css selector', '.el-form-item__error')元素获取文本操作!，获取的文本值: ['请输入密码'] 
2023-03-22 00:24:04,720 INFO [base.py(__init__:19)] - 正在初始化driver：
2023-03-22 00:24:04,720 INFO [page_mp_login.py(page_mp_login:38)] - 正在调用登录业务方法，用户名:  密码: 
2023-03-22 00:24:04,721 INFO [base.py(base_find:28)] - 正在查找元素：('css selector', "[placeholder='请输入用户名']")
2023-03-22 00:24:04,728 INFO [base.py(base_input:54)] - 正在对: ('css selector', "[placeholder='请输入用户名']")元素执行清空操作! 
2023-03-22 00:24:04,747 INFO [base.py(base_input:57)] - 正在对: ('css selector', "[placeholder='请输入用户名']")元素执行输入: 操作!
2023-03-22 00:24:04,782 INFO [base.py(base_find:28)] - 正在查找元素：('css selector', " [placeholder='请输入密码']")
2023-03-22 00:24:04,791 INFO [base.py(base_input:54)] - 正在对: ('css selector', " [placeholder='请输入密码']")元素执行清空操作! 
2023-03-22 00:24:04,810 INFO [base.py(base_input:57)] - 正在对: ('css selector', " [placeholder='请输入密码']")元素执行输入: 操作!
2023-03-22 00:24:04,838 INFO [base.py(base_click:65)] - 正在对: ('css selector', '#login') 元素执行点击操作 
2023-03-22 00:24:04,839 INFO [base.py(base_find:28)] - 正在查找元素：('css selector', '#login')
2023-03-22 00:24:05,877 INFO [base.py(base_find_mult:40)] - 正在查找元素：('css selector', '.el-form-item__error')
2023-03-22 00:24:05,903 INFO [base.py(base_get_mult_text:83)] - 正在对: ('css selector', '.el-form-item__error')元素获取文本操作!，获取的文本值: ['请输入用户名', '请输入密码'] 
2023-03-22 00:24:10,072 INFO [test02_mp_title.py(Title_fixture:18)] - 执行前置SQL：DELETE FROM sys_title WHERE name = 'test_title_01'
2023-03-22 00:24:10,072 INFO [base.py(__init__:19)] - 正在初始化driver：
2023-03-22 00:24:10,073 INFO [page_mp_login.py(page_mp_teacher_login:46)] - 正在调用导师登录业务方法，用户名: 11111 密码: 123
2023-03-22 00:24:10,073 INFO [base.py(base_find:28)] - 正在查找元素：('css selector', "[placeholder='请输入用户名']")
2023-03-22 00:24:10,081 INFO [base.py(base_input:54)] - 正在对: ('css selector', "[placeholder='请输入用户名']")元素执行清空操作! 
2023-03-22 00:24:10,100 INFO [base.py(base_input:57)] - 正在对: ('css selector', "[placeholder='请输入用户名']")元素执行输入:11111 操作!
2023-03-22 00:24:10,148 INFO [base.py(base_find:28)] - 正在查找元素：('css selector', " [placeholder='请输入密码']")
2023-03-22 00:24:10,156 INFO [base.py(base_input:54)] - 正在对: ('css selector', " [placeholder='请输入密码']")元素执行清空操作! 
2023-03-22 00:24:10,176 INFO [base.py(base_input:57)] - 正在对: ('css selector', " [placeholder='请输入密码']")元素执行输入:123 操作!
2023-03-22 00:24:10,207 INFO [base.py(base_click:65)] - 正在对: ('css selector', '#login') 元素执行点击操作 
2023-03-22 00:24:10,208 INFO [base.py(base_find:28)] - 正在查找元素：('css selector', '#login')
2023-03-22 00:24:10,238 INFO [base.py(__init__:19)] - 正在初始化driver：
2023-03-22 00:24:10,238 INFO [page_mp_title.py(page_mp_title:42)] - 正在调用上传课题业务方法，课题名称: test_title_01 课题难度: 适中 课题类型: 计算机软件研发类 课题来源: 自拟项目 课题摘要: xxx
2023-03-22 00:24:10,238 INFO [base.py(base_click:65)] - 正在对: ('xpath', "//span[text()= '上传课题']/..") 元素执行点击操作 
2023-03-22 00:24:10,238 INFO [base.py(base_find:28)] - 正在查找元素：('xpath', "//span[text()= '上传课题']/..")
2023-03-22 00:24:10,339 INFO [base.py(base_find:28)] - 正在查找元素：('css selector', '#title_name')
2023-03-22 00:24:10,372 INFO [base.py(base_input:54)] - 正在对: ('css selector', '#title_name')元素执行清空操作! 
2023-03-22 00:24:10,392 INFO [base.py(base_input:57)] - 正在对: ('css selector', '#title_name')元素执行输入:test_title_01 操作!
2023-03-22 00:24:10,478 INFO [base.py(base_click:65)] - 正在对: ('css selector', " [placeholder='请选择课题难度']") 元素执行点击操作 
2023-03-22 00:24:10,479 INFO [base.py(base_find:28)] - 正在查找元素：('css selector', " [placeholder='请选择课题难度']")
2023-03-22 00:24:11,518 INFO [base.py(base_click:65)] - 正在对: ('xpath', "//*[text( )='适中']") 元素执行点击操作 
2023-03-22 00:24:11,518 INFO [base.py(base_find:28)] - 正在查找元素：('xpath', "//*[text( )='适中']")
2023-03-22 00:24:11,553 INFO [base.py(base_click:65)] - 正在对: ('css selector', " [placeholder='请选择课题类型']") 元素执行点击操作 
2023-03-22 00:24:11,553 INFO [base.py(base_find:28)] - 正在查找元素：('css selector', " [placeholder='请选择课题类型']")
2023-03-22 00:24:12,665 INFO [base.py(base_click:65)] - 正在对: ('xpath', "//*[text( )='计算机软件研发类']") 元素执行点击操作 
2023-03-22 00:24:12,665 INFO [base.py(base_find:28)] - 正在查找元素：('xpath', "//*[text( )='计算机软件研发类']")
2023-03-22 00:24:12,700 INFO [base.py(base_click:65)] - 正在对: ('css selector', " [placeholder='请选择课题来源']") 元素执行点击操作 
2023-03-22 00:24:12,700 INFO [base.py(base_find:28)] - 正在查找元素：('css selector', " [placeholder='请选择课题来源']")
2023-03-22 00:24:13,799 INFO [base.py(base_click:65)] - 正在对: ('xpath', "//*[text( )='自拟项目']") 元素执行点击操作 
2023-03-22 00:24:13,799 INFO [base.py(base_find:28)] - 正在查找元素：('xpath', "//*[text( )='自拟项目']")
2023-03-22 00:24:13,834 INFO [base.py(base_find:28)] - 正在查找元素：('css selector', '#title_abstract')
2023-03-22 00:24:13,842 INFO [base.py(base_input:54)] - 正在对: ('css selector', '#title_abstract')元素执行清空操作! 
2023-03-22 00:24:13,858 INFO [base.py(base_input:57)] - 正在对: ('css selector', '#title_abstract')元素执行输入:xxx 操作!
2023-03-22 00:24:13,899 INFO [base.py(base_click:65)] - 正在对: ('xpath', "//*[text()= '发布课题']/..") 元素执行点击操作 
2023-03-22 00:24:13,899 INFO [base.py(base_find:28)] - 正在查找元素：('xpath', "//*[text()= '发布课题']/..")
2023-03-22 00:24:13,929 INFO [base.py(base_find:28)] - 正在查找元素：('css selector', '[role="alert"] > p')
2023-03-22 00:24:14,023 INFO [base.py(base_get_text:72)] - 正在对: ('css selector', '[role="alert"] > p')元素获取文本操作!，获取的文本值: 发布课题成功 
2023-03-22 00:24:14,024 INFO [base.py(base_find:28)] - 正在查找元素：('css selector', '[role="alert"] > p')
2023-03-22 00:24:15,038 INFO [base.py(base_find:28)] - 正在查找元素：('css selector', '[role="alert"] > p')
2023-03-22 00:24:15,048 INFO [base.py(base_get_text:72)] - 正在对: ('css selector', '[role="alert"] > p')元素获取文本操作!，获取的文本值: 发布课题成功 
2023-03-22 00:24:15,048 INFO [base.py(base_find:28)] - 正在查找元素：('css selector', '[role="alert"] > p')
2023-03-22 00:24:15,058 INFO [test02_mp_title.py(Title_fixture:21)] - 执行前置SQL：DELETE FROM sys_title WHERE name = 'test_title_01'
2023-03-22 00:24:19,452 INFO [test03_mp_score.py(Score_fixture:18)] - 执行前置SQL：UPDATE sys_title SET score = null WHERE name = 'testSCore'
2023-03-22 00:24:19,453 INFO [base.py(__init__:19)] - 正在初始化driver：
2023-03-22 00:24:19,453 INFO [page_mp_login.py(page_mp_teacher_login:46)] - 正在调用导师登录业务方法，用户名: 11111 密码: 123
2023-03-22 00:24:19,453 INFO [base.py(base_find:28)] - 正在查找元素：('css selector', "[placeholder='请输入用户名']")
2023-03-22 00:24:19,462 INFO [base.py(base_input:54)] - 正在对: ('css selector', "[placeholder='请输入用户名']")元素执行清空操作! 
2023-03-22 00:24:19,482 INFO [base.py(base_input:57)] - 正在对: ('css selector', "[placeholder='请输入用户名']")元素执行输入:11111 操作!
2023-03-22 00:24:19,531 INFO [base.py(base_find:28)] - 正在查找元素：('css selector', " [placeholder='请输入密码']")
2023-03-22 00:24:19,539 INFO [base.py(base_input:54)] - 正在对: ('css selector', " [placeholder='请输入密码']")元素执行清空操作! 
2023-03-22 00:24:19,558 INFO [base.py(base_input:57)] - 正在对: ('css selector', " [placeholder='请输入密码']")元素执行输入:123 操作!
2023-03-22 00:24:19,590 INFO [base.py(base_click:65)] - 正在对: ('css selector', '#login') 元素执行点击操作 
2023-03-22 00:24:19,590 INFO [base.py(base_find:28)] - 正在查找元素：('css selector', '#login')
2023-03-22 00:24:19,619 INFO [base.py(__init__:19)] - 正在初始化driver：
2023-03-22 00:24:19,620 INFO [page_mp_addScore.py(page_mp_addScore:31)] - 正在调用添加成绩业务方法，学生姓名: 吴海韬 成绩: 70
2023-03-22 00:24:19,620 INFO [base.py(base_click:65)] - 正在对: ('xpath', "//span[text()= '添加成绩']/..") 元素执行点击操作 
2023-03-22 00:24:19,620 INFO [base.py(base_find:28)] - 正在查找元素：('xpath', "//span[text()= '添加成绩']/..")
2023-03-22 00:24:19,714 INFO [base.py(base_click:65)] - 正在对: ('css selector', " [placeholder='请选择']") 元素执行点击操作 
2023-03-22 00:24:19,715 INFO [base.py(base_find:28)] - 正在查找元素：('css selector', " [placeholder='请选择']")
2023-03-22 00:24:20,775 INFO [base.py(base_click:65)] - 正在对: ('xpath', "//*[text( )='吴海韬']") 元素执行点击操作 
2023-03-22 00:24:20,775 INFO [base.py(base_find:28)] - 正在查找元素：('xpath', "//*[text( )='吴海韬']")
2023-03-22 00:24:20,810 INFO [base.py(base_find:28)] - 正在查找元素：('css selector', '#score')
2023-03-22 00:24:20,818 INFO [base.py(base_input:54)] - 正在对: ('css selector', '#score')元素执行清空操作! 
2023-03-22 00:24:20,838 INFO [base.py(base_input:57)] - 正在对: ('css selector', '#score')元素执行输入:70 操作!
2023-03-22 00:24:22,881 INFO [base.py(base_click:65)] - 正在对: ('xpath', "//*[text()= '确认添加']/..") 元素执行点击操作 
2023-03-22 00:24:22,881 INFO [base.py(base_find:28)] - 正在查找元素：('xpath', "//*[text()= '确认添加']/..")
2023-03-22 00:24:22,911 INFO [base.py(base_find:28)] - 正在查找元素：('css selector', '[role="alert"] > p')
2023-03-22 00:24:22,928 INFO [base.py(base_get_text:72)] - 正在对: ('css selector', '[role="alert"] > p')元素获取文本操作!，获取的文本值: 登录成功 
2023-03-22 00:24:22,929 INFO [base.py(base_find:28)] - 正在查找元素：('css selector', '[role="alert"] > p')
2023-03-22 00:24:23,961 INFO [base.py(base_find:28)] - 正在查找元素：('css selector', '[role="alert"] > p')
2023-03-22 00:24:23,975 INFO [base.py(base_get_text:72)] - 正在对: ('css selector', '[role="alert"] > p')元素获取文本操作!，获取的文本值: 添加成功 
2023-03-22 00:24:23,975 INFO [base.py(base_find:28)] - 正在查找元素：('css selector', '[role="alert"] > p')
2023-03-22 00:24:23,987 INFO [test03_mp_score.py(Score_fixture:21)] - 执行前置SQL：UPDATE sys_title SET score = null WHERE name = 'testSCore'
2023-03-22 00:24:28,100 INFO [base.py(__init__:19)] - 正在初始化driver：
2023-03-22 00:24:28,100 INFO [page_mp_login.py(page_mp_teacher_login:46)] - 正在调用导师登录业务方法，用户名: 11111 密码: 123
2023-03-22 00:24:28,101 INFO [base.py(base_find:28)] - 正在查找元素：('css selector', "[placeholder='请输入用户名']")
2023-03-22 00:24:28,108 INFO [base.py(base_input:54)] - 正在对: ('css selector', "[placeholder='请输入用户名']")元素执行清空操作! 
2023-03-22 00:24:28,126 INFO [base.py(base_input:57)] - 正在对: ('css selector', "[placeholder='请输入用户名']")元素执行输入:11111 操作!
2023-03-22 00:24:28,176 INFO [base.py(base_find:28)] - 正在查找元素：('css selector', " [placeholder='请输入密码']")
2023-03-22 00:24:28,184 INFO [base.py(base_input:54)] - 正在对: ('css selector', " [placeholder='请输入密码']")元素执行清空操作! 
2023-03-22 00:24:28,202 INFO [base.py(base_input:57)] - 正在对: ('css selector', " [placeholder='请输入密码']")元素执行输入:123 操作!
2023-03-22 00:24:28,234 INFO [base.py(base_click:65)] - 正在对: ('css selector', '#login') 元素执行点击操作 
2023-03-22 00:24:28,234 INFO [base.py(base_find:28)] - 正在查找元素：('css selector', '#login')
2023-03-22 00:24:28,264 INFO [base.py(__init__:19)] - 正在初始化driver：
2023-03-22 00:24:28,264 INFO [page_mp_addScore.py(page_mp_addScore:31)] - 正在调用添加成绩业务方法，学生姓名: 李佳伟 成绩: 80
2023-03-22 00:24:28,265 INFO [base.py(base_click:65)] - 正在对: ('xpath', "//span[text()= '添加成绩']/..") 元素执行点击操作 
2023-03-22 00:24:28,265 INFO [base.py(base_find:28)] - 正在查找元素：('xpath', "//span[text()= '添加成绩']/..")
2023-03-22 00:24:28,357 INFO [base.py(base_click:65)] - 正在对: ('css selector', " [placeholder='请选择']") 元素执行点击操作 
2023-03-22 00:24:28,357 INFO [base.py(base_find:28)] - 正在查找元素：('css selector', " [placeholder='请选择']")
2023-03-22 00:24:29,426 INFO [base.py(base_click:65)] - 正在对: ('xpath', "//*[text( )='李佳伟']") 元素执行点击操作 
2023-03-22 00:24:29,426 INFO [base.py(base_find:28)] - 正在查找元素：('xpath', "//*[text( )='李佳伟']")
2023-03-22 00:24:29,460 INFO [base.py(base_find:28)] - 正在查找元素：('css selector', '#score')
2023-03-22 00:24:29,467 INFO [base.py(base_input:54)] - 正在对: ('css selector', '#score')元素执行清空操作! 
2023-03-22 00:24:29,488 INFO [base.py(base_input:57)] - 正在对: ('css selector', '#score')元素执行输入:80 操作!
2023-03-22 00:24:31,531 INFO [base.py(base_click:65)] - 正在对: ('xpath', "//*[text()= '确认添加']/..") 元素执行点击操作 
2023-03-22 00:24:31,531 INFO [base.py(base_find:28)] - 正在查找元素：('xpath', "//*[text()= '确认添加']/..")
2023-03-22 00:24:31,562 INFO [base.py(base_find:28)] - 正在查找元素：('css selector', '[role="alert"] > p')
2023-03-22 00:24:31,581 INFO [base.py(base_get_text:72)] - 正在对: ('css selector', '[role="alert"] > p')元素获取文本操作!，获取的文本值:  
2023-03-22 00:24:31,582 INFO [base.py(base_find:28)] - 正在查找元素：('css selector', '[role="alert"] > p')
2023-03-22 00:24:32,596 INFO [base.py(base_find:28)] - 正在查找元素：('css selector', '[role="alert"] > p')
2023-03-22 00:24:32,610 INFO [base.py(base_get_text:72)] - 正在对: ('css selector', '[role="alert"] > p')元素获取文本操作!，获取的文本值: 该学生已有成绩 
2023-03-22 00:24:32,611 INFO [base.py(base_find:28)] - 正在查找元素：('css selector', '[role="alert"] > p')
2023-03-22 00:24:37,032 INFO [base.py(__init__:19)] - 正在初始化driver：
2023-03-22 00:24:37,033 INFO [page_mp_login.py(page_mp_teacher_login:46)] - 正在调用导师登录业务方法，用户名: 11111 密码: 123
2023-03-22 00:24:37,033 INFO [base.py(base_find:28)] - 正在查找元素：('css selector', "[placeholder='请输入用户名']")
2023-03-22 00:24:37,040 INFO [base.py(base_input:54)] - 正在对: ('css selector', "[placeholder='请输入用户名']")元素执行清空操作! 
2023-03-22 00:24:37,060 INFO [base.py(base_input:57)] - 正在对: ('css selector', "[placeholder='请输入用户名']")元素执行输入:11111 操作!
2023-03-22 00:24:37,108 INFO [base.py(base_find:28)] - 正在查找元素：('css selector', " [placeholder='请输入密码']")
2023-03-22 00:24:37,115 INFO [base.py(base_input:54)] - 正在对: ('css selector', " [placeholder='请输入密码']")元素执行清空操作! 
2023-03-22 00:24:37,134 INFO [base.py(base_input:57)] - 正在对: ('css selector', " [placeholder='请输入密码']")元素执行输入:123 操作!
2023-03-22 00:24:37,166 INFO [base.py(base_click:65)] - 正在对: ('css selector', '#login') 元素执行点击操作 
2023-03-22 00:24:37,166 INFO [base.py(base_find:28)] - 正在查找元素：('css selector', '#login')
2023-03-22 00:24:37,195 INFO [base.py(__init__:19)] - 正在初始化driver：
2023-03-22 00:24:37,195 INFO [page_mp_addScore.py(page_mp_addScore:31)] - 正在调用添加成绩业务方法，学生姓名: 石珂 成绩: 80
2023-03-22 00:24:37,195 INFO [base.py(base_click:65)] - 正在对: ('xpath', "//span[text()= '添加成绩']/..") 元素执行点击操作 
2023-03-22 00:24:37,195 INFO [base.py(base_find:28)] - 正在查找元素：('xpath', "//span[text()= '添加成绩']/..")
2023-03-22 00:24:37,288 INFO [base.py(base_click:65)] - 正在对: ('css selector', " [placeholder='请选择']") 元素执行点击操作 
2023-03-22 00:24:37,289 INFO [base.py(base_find:28)] - 正在查找元素：('css selector', " [placeholder='请选择']")
2023-03-22 00:24:38,345 INFO [base.py(base_click:65)] - 正在对: ('xpath', "//*[text( )='石珂']") 元素执行点击操作 
2023-03-22 00:24:38,345 INFO [base.py(base_find:28)] - 正在查找元素：('xpath', "//*[text( )='石珂']")
2023-03-22 00:24:38,380 INFO [base.py(base_find:28)] - 正在查找元素：('css selector', '#score')
2023-03-22 00:24:38,389 INFO [base.py(base_input:54)] - 正在对: ('css selector', '#score')元素执行清空操作! 
2023-03-22 00:24:38,409 INFO [base.py(base_input:57)] - 正在对: ('css selector', '#score')元素执行输入:80 操作!
2023-03-22 00:24:40,440 INFO [base.py(base_click:65)] - 正在对: ('xpath', "//*[text()= '确认添加']/..") 元素执行点击操作 
2023-03-22 00:24:40,440 INFO [base.py(base_find:28)] - 正在查找元素：('xpath', "//*[text()= '确认添加']/..")
2023-03-22 00:24:40,472 INFO [base.py(base_find:28)] - 正在查找元素：('css selector', '[role="alert"] > p')
2023-03-22 00:24:40,492 INFO [base.py(base_get_text:72)] - 正在对: ('css selector', '[role="alert"] > p')元素获取文本操作!，获取的文本值: 登录成功 
2023-03-22 00:24:40,492 INFO [base.py(base_find:28)] - 正在查找元素：('css selector', '[role="alert"] > p')
2023-03-22 00:24:41,508 INFO [base.py(base_find:28)] - 正在查找元素：('css selector', '[role="alert"] > p')
2023-03-22 00:24:41,522 INFO [base.py(base_get_text:72)] - 正在对: ('css selector', '[role="alert"] > p')元素获取文本操作!，获取的文本值: 该学生毕业论文未通过 
2023-03-22 00:24:41,522 INFO [base.py(base_find:28)] - 正在查找元素：('css selector', '[role="alert"] > p')
2023-03-22 00:24:45,632 INFO [test04_mp_upload.py(Upload_fixture:16)] - 执行前置SQL：DELETE FROM sys_proposal WHERE name = 'test.txt'
2023-03-22 00:24:45,632 INFO [base.py(__init__:19)] - 正在初始化driver：
2023-03-22 00:24:45,633 INFO [page_mp_login.py(page_mp_login_student:54)] - 正在调用学生登录业务方法，用户名: student 密码: 123
2023-03-22 00:24:45,633 INFO [base.py(base_find:28)] - 正在查找元素：('css selector', "[placeholder='请输入用户名']")
2023-03-22 00:24:45,641 INFO [base.py(base_input:54)] - 正在对: ('css selector', "[placeholder='请输入用户名']")元素执行清空操作! 
2023-03-22 00:24:45,660 INFO [base.py(base_input:57)] - 正在对: ('css selector', "[placeholder='请输入用户名']")元素执行输入:student 操作!
2023-03-22 00:24:45,713 INFO [base.py(base_find:28)] - 正在查找元素：('css selector', " [placeholder='请输入密码']")
2023-03-22 00:24:45,721 INFO [base.py(base_input:54)] - 正在对: ('css selector', " [placeholder='请输入密码']")元素执行清空操作! 
2023-03-22 00:24:45,740 INFO [base.py(base_input:57)] - 正在对: ('css selector', " [placeholder='请输入密码']")元素执行输入:123 操作!
2023-03-22 00:24:45,772 INFO [base.py(base_click:65)] - 正在对: ('css selector', '#login') 元素执行点击操作 
2023-03-22 00:24:45,772 INFO [base.py(base_find:28)] - 正在查找元素：('css selector', '#login')
2023-03-22 00:24:45,802 INFO [base.py(__init__:19)] - 正在初始化driver：
2023-03-22 00:24:45,802 INFO [base.py(base_click:65)] - 正在对: ('xpath', "//span[text()= '提交开题报告']/..") 元素执行点击操作 
2023-03-22 00:24:45,802 INFO [base.py(base_find:28)] - 正在查找元素：('xpath', "//span[text()= '提交开题报告']/..")
2023-03-22 00:24:45,903 INFO [base.py(base_click:65)] - 正在对: ('xpath', "//button[@class='el-button ml-5 el-button--primary el-button--mini']") 元素执行点击操作 
2023-03-22 00:24:45,903 INFO [base.py(base_find:28)] - 正在查找元素：('xpath', "//button[@class='el-button ml-5 el-button--primary el-button--mini']")
2023-03-22 00:24:49,014 INFO [base.py(base_find:28)] - 正在查找元素：('xpath', "//*[@id='appendix']")
2023-03-22 00:24:49,032 INFO [base.py(base_get_text:72)] - 正在对: ('xpath', "//*[@id='appendix']")元素获取文本操作!，获取的文本值: test.txt 
2023-03-22 00:24:49,032 INFO [base.py(base_find:28)] - 正在查找元素：('xpath', "//*[@id='appendix']")
2023-03-22 00:24:49,042 INFO [test04_mp_upload.py(Upload_fixture:19)] - 执行前置SQL：DELETE FROM sys_proposal WHERE name = 'test.txt'
2023-03-22 00:24:53,414 INFO [test05_mp_register.py(Register_fixture:19)] - 执行前置SQL：DELETE FROM sys_user WHERE username like 'test%'
2023-03-22 00:24:53,414 INFO [test05_mp_register.py(Register_fixture:20)] - 执行前置SQL：DElETE FROM sys_student WHERE sno = 123456789
2023-03-22 00:24:53,415 INFO [base.py(__init__:19)] - 正在初始化driver：
2023-03-22 00:24:53,415 INFO [base.py(base_click:65)] - 正在对: ('xpath', "//*[text()= '学生注册']/..") 元素执行点击操作 
2023-03-22 00:24:53,415 INFO [base.py(base_find:28)] - 正在查找元素：('xpath', "//*[text()= '学生注册']/..")
2023-03-22 00:24:53,444 INFO [base.py(base_find:28)] - 正在查找元素：('xpath', "//input[@placeholder='请输入账号']")
2023-03-22 00:24:53,463 INFO [base.py(base_input:54)] - 正在对: ('xpath', "//input[@placeholder='请输入账号']")元素执行清空操作! 
2023-03-22 00:24:53,484 INFO [base.py(base_input:57)] - 正在对: ('xpath', "//input[@placeholder='请输入账号']")元素执行输入:test4 操作!
2023-03-22 00:24:53,531 INFO [base.py(base_find:28)] - 正在查找元素：('xpath', "//input[@placeholder='请输入密码']")
2023-03-22 00:24:53,541 INFO [base.py(base_input:54)] - 正在对: ('xpath', "//input[@placeholder='请输入密码']")元素执行清空操作! 
2023-03-22 00:24:53,561 INFO [base.py(base_input:57)] - 正在对: ('xpath', "//input[@placeholder='请输入密码']")元素执行输入:123456 操作!
2023-03-22 00:24:53,611 INFO [base.py(base_find:28)] - 正在查找元素：('xpath', "//input[@placeholder='请确认密码']")
2023-03-22 00:24:53,619 INFO [base.py(base_input:54)] - 正在对: ('xpath', "//input[@placeholder='请确认密码']")元素执行清空操作! 
2023-03-22 00:24:53,638 INFO [base.py(base_input:57)] - 正在对: ('xpath', "//input[@placeholder='请确认密码']")元素执行输入:123456 操作!
2023-03-22 00:24:53,682 INFO [base.py(base_find:28)] - 正在查找元素：('xpath', "//input[@placeholder='请输入姓名']")
2023-03-22 00:24:53,690 INFO [base.py(base_input:54)] - 正在对: ('xpath', "//input[@placeholder='请输入姓名']")元素执行清空操作! 
2023-03-22 00:24:53,709 INFO [base.py(base_input:57)] - 正在对: ('xpath', "//input[@placeholder='请输入姓名']")元素执行输入:测试名 操作!
2023-03-22 00:24:53,742 INFO [base.py(base_find:28)] - 正在查找元素：('xpath', "//input[@placeholder='请输入学号']")
2023-03-22 00:24:53,751 INFO [base.py(base_input:54)] - 正在对: ('xpath', "//input[@placeholder='请输入学号']")元素执行清空操作! 
2023-03-22 00:24:53,770 INFO [base.py(base_input:57)] - 正在对: ('xpath', "//input[@placeholder='请输入学号']")元素执行输入:123456789 操作!
2023-03-22 00:24:53,818 INFO [base.py(base_find:28)] - 正在查找元素：('xpath', "//input[@placeholder='请输入所在院系']")
2023-03-22 00:24:53,826 INFO [base.py(base_input:54)] - 正在对: ('xpath', "//input[@placeholder='请输入所在院系']")元素执行清空操作! 
2023-03-22 00:24:53,845 INFO [base.py(base_input:57)] - 正在对: ('xpath', "//input[@placeholder='请输入所在院系']")元素执行输入:计算机 操作!
2023-03-22 00:24:53,876 INFO [base.py(base_click:65)] - 正在对: ('xpath', "//span[text()= '注册']/..") 元素执行点击操作 
2023-03-22 00:24:53,876 INFO [base.py(base_find:28)] - 正在查找元素：('xpath', "//span[text()= '注册']/..")
2023-03-22 00:24:53,907 INFO [base.py(base_find:28)] - 正在查找元素：('css selector', '[role="alert"] > p')
2023-03-22 00:24:53,989 INFO [base.py(base_get_text:72)] - 正在对: ('css selector', '[role="alert"] > p')元素获取文本操作!，获取的文本值: 注册成功 
2023-03-22 00:24:53,989 INFO [base.py(base_find:28)] - 正在查找元素：('css selector', '[role="alert"] > p')
2023-03-22 00:24:53,999 INFO [test05_mp_register.py(Register_fixture:24)] - 执行前置SQL：DELETE FROM sys_user WHERE username like 'test%'
2023-03-22 00:24:53,999 INFO [test05_mp_register.py(Register_fixture:25)] - 执行前置SQL：DElETE FROM sys_student WHERE sno = 123456789
2023-03-22 00:24:58,067 INFO [test05_mp_register.py(Register_fixture:19)] - 执行前置SQL：DELETE FROM sys_user WHERE username like 'test%'
2023-03-22 00:24:58,068 INFO [test05_mp_register.py(Register_fixture:20)] - 执行前置SQL：DElETE FROM sys_student WHERE sno = 123456789
2023-03-22 00:24:58,068 INFO [base.py(__init__:19)] - 正在初始化driver：
2023-03-22 00:24:58,069 INFO [base.py(base_click:65)] - 正在对: ('xpath', "//*[text()= '学生注册']/..") 元素执行点击操作 
2023-03-22 00:24:58,069 INFO [base.py(base_find:28)] - 正在查找元素：('xpath', "//*[text()= '学生注册']/..")
2023-03-22 00:24:58,098 INFO [base.py(base_find:28)] - 正在查找元素：('xpath', "//input[@placeholder='请输入账号']")
2023-03-22 00:24:58,118 INFO [base.py(base_input:54)] - 正在对: ('xpath', "//input[@placeholder='请输入账号']")元素执行清空操作! 
2023-03-22 00:24:58,138 INFO [base.py(base_input:57)] - 正在对: ('xpath', "//input[@placeholder='请输入账号']")元素执行输入:test6 操作!
2023-03-22 00:24:58,188 INFO [base.py(base_find:28)] - 正在查找元素：('xpath', "//input[@placeholder='请输入密码']")
2023-03-22 00:24:58,198 INFO [base.py(base_input:54)] - 正在对: ('xpath', "//input[@placeholder='请输入密码']")元素执行清空操作! 
2023-03-22 00:24:58,218 INFO [base.py(base_input:57)] - 正在对: ('xpath', "//input[@placeholder='请输入密码']")元素执行输入:123456 操作!
2023-03-22 00:24:58,268 INFO [base.py(base_find:28)] - 正在查找元素：('xpath', "//input[@placeholder='请确认密码']")
2023-03-22 00:24:58,276 INFO [base.py(base_input:54)] - 正在对: ('xpath', "//input[@placeholder='请确认密码']")元素执行清空操作! 
2023-03-22 00:24:58,296 INFO [base.py(base_input:57)] - 正在对: ('xpath', "//input[@placeholder='请确认密码']")元素执行输入:12345 操作!
2023-03-22 00:24:58,335 INFO [base.py(base_find:28)] - 正在查找元素：('xpath', "//input[@placeholder='请输入姓名']")
2023-03-22 00:24:58,342 INFO [base.py(base_input:54)] - 正在对: ('xpath', "//input[@placeholder='请输入姓名']")元素执行清空操作! 
2023-03-22 00:24:58,362 INFO [base.py(base_input:57)] - 正在对: ('xpath', "//input[@placeholder='请输入姓名']")元素执行输入:测试名 操作!
2023-03-22 00:24:58,394 INFO [base.py(base_find:28)] - 正在查找元素：('xpath', "//input[@placeholder='请输入学号']")
2023-03-22 00:24:58,402 INFO [base.py(base_input:54)] - 正在对: ('xpath', "//input[@placeholder='请输入学号']")元素执行清空操作! 
2023-03-22 00:24:58,422 INFO [base.py(base_input:57)] - 正在对: ('xpath', "//input[@placeholder='请输入学号']")元素执行输入:123456789 操作!
2023-03-22 00:24:58,472 INFO [base.py(base_find:28)] - 正在查找元素：('xpath', "//input[@placeholder='请输入所在院系']")
2023-03-22 00:24:58,480 INFO [base.py(base_input:54)] - 正在对: ('xpath', "//input[@placeholder='请输入所在院系']")元素执行清空操作! 
2023-03-22 00:24:58,500 INFO [base.py(base_input:57)] - 正在对: ('xpath', "//input[@placeholder='请输入所在院系']")元素执行输入:计算机 操作!
2023-03-22 00:24:58,531 INFO [base.py(base_click:65)] - 正在对: ('xpath', "//span[text()= '注册']/..") 元素执行点击操作 
2023-03-22 00:24:58,531 INFO [base.py(base_find:28)] - 正在查找元素：('xpath', "//span[text()= '注册']/..")
2023-03-22 00:24:59,573 INFO [base.py(base_find:28)] - 正在查找元素：('css selector', '[role="alert"] > p')
2023-03-22 00:24:59,590 INFO [base.py(base_get_text:72)] - 正在对: ('css selector', '[role="alert"] > p')元素获取文本操作!，获取的文本值: 两次输入的密码不一致 
2023-03-22 00:24:59,590 INFO [base.py(base_find:28)] - 正在查找元素：('css selector', '[role="alert"] > p')
2023-03-22 00:24:59,600 INFO [test05_mp_register.py(Register_fixture:24)] - 执行前置SQL：DELETE FROM sys_user WHERE username like 'test%'
2023-03-22 00:24:59,601 INFO [test05_mp_register.py(Register_fixture:25)] - 执行前置SQL：DElETE FROM sys_student WHERE sno = 123456789
2023-03-22 00:25:04,265 INFO [test05_mp_register.py(Register_fixture:19)] - 执行前置SQL：DELETE FROM sys_user WHERE username like 'test%'
2023-03-22 00:25:04,266 INFO [test05_mp_register.py(Register_fixture:20)] - 执行前置SQL：DElETE FROM sys_student WHERE sno = 123456789
2023-03-22 00:25:04,266 INFO [base.py(__init__:19)] - 正在初始化driver：
2023-03-22 00:25:04,266 INFO [base.py(base_click:65)] - 正在对: ('xpath', "//*[text()= '学生注册']/..") 元素执行点击操作 
2023-03-22 00:25:04,267 INFO [base.py(base_find:28)] - 正在查找元素：('xpath', "//*[text()= '学生注册']/..")
2023-03-22 00:25:04,295 INFO [base.py(base_find:28)] - 正在查找元素：('xpath', "//input[@placeholder='请输入账号']")
2023-03-22 00:25:04,315 INFO [base.py(base_input:54)] - 正在对: ('xpath', "//input[@placeholder='请输入账号']")元素执行清空操作! 
2023-03-22 00:25:04,334 INFO [base.py(base_input:57)] - 正在对: ('xpath', "//input[@placeholder='请输入账号']")元素执行输入:test7 操作!
2023-03-22 00:25:04,384 INFO [base.py(base_find:28)] - 正在查找元素：('xpath', "//input[@placeholder='请输入密码']")
2023-03-22 00:25:04,393 INFO [base.py(base_input:54)] - 正在对: ('xpath', "//input[@placeholder='请输入密码']")元素执行清空操作! 
2023-03-22 00:25:04,412 INFO [base.py(base_input:57)] - 正在对: ('xpath', "//input[@placeholder='请输入密码']")元素执行输入:123456 操作!
2023-03-22 00:25:04,465 INFO [base.py(base_find:28)] - 正在查找元素：('xpath', "//input[@placeholder='请确认密码']")
2023-03-22 00:25:04,474 INFO [base.py(base_input:54)] - 正在对: ('xpath', "//input[@placeholder='请确认密码']")元素执行清空操作! 
2023-03-22 00:25:04,491 INFO [base.py(base_input:57)] - 正在对: ('xpath', "//input[@placeholder='请确认密码']")元素执行输入:123456 操作!
2023-03-22 00:25:04,534 INFO [base.py(base_find:28)] - 正在查找元素：('xpath', "//input[@placeholder='请输入姓名']")
2023-03-22 00:25:04,543 INFO [base.py(base_input:54)] - 正在对: ('xpath', "//input[@placeholder='请输入姓名']")元素执行清空操作! 
2023-03-22 00:25:04,563 INFO [base.py(base_input:57)] - 正在对: ('xpath', "//input[@placeholder='请输入姓名']")元素执行输入:测试名 操作!
2023-03-22 00:25:04,595 INFO [base.py(base_find:28)] - 正在查找元素：('xpath', "//input[@placeholder='请输入学号']")
2023-03-22 00:25:04,603 INFO [base.py(base_input:54)] - 正在对: ('xpath', "//input[@placeholder='请输入学号']")元素执行清空操作! 
2023-03-22 00:25:04,623 INFO [base.py(base_input:57)] - 正在对: ('xpath', "//input[@placeholder='请输入学号']")元素执行输入: 操作!
2023-03-22 00:25:04,644 INFO [base.py(base_find:28)] - 正在查找元素：('xpath', "//input[@placeholder='请输入所在院系']")
2023-03-22 00:25:04,652 INFO [base.py(base_input:54)] - 正在对: ('xpath', "//input[@placeholder='请输入所在院系']")元素执行清空操作! 
2023-03-22 00:25:04,672 INFO [base.py(base_input:57)] - 正在对: ('xpath', "//input[@placeholder='请输入所在院系']")元素执行输入:计算机 操作!
2023-03-22 00:25:04,713 INFO [base.py(base_click:65)] - 正在对: ('xpath', "//span[text()= '注册']/..") 元素执行点击操作 
2023-03-22 00:25:04,714 INFO [base.py(base_find:28)] - 正在查找元素：('xpath', "//span[text()= '注册']/..")
2023-03-22 00:25:05,757 INFO [base.py(base_find:28)] - 正在查找元素：('xpath', "//*[@id='app']/div/div/form/div[6]/div/div[2]")
2023-03-22 00:25:05,775 INFO [base.py(base_get_text:72)] - 正在对: ('xpath', "//*[@id='app']/div/div/form/div[6]/div/div[2]")元素获取文本操作!，获取的文本值: 请输入学号 
2023-03-22 00:25:05,775 INFO [base.py(base_find:28)] - 正在查找元素：('xpath', "//*[@id='app']/div/div/form/div[6]/div/div[2]")
2023-03-22 00:25:05,785 INFO [test05_mp_register.py(Register_fixture:24)] - 执行前置SQL：DELETE FROM sys_user WHERE username like 'test%'
2023-03-22 00:25:05,785 INFO [test05_mp_register.py(Register_fixture:25)] - 执行前置SQL：DElETE FROM sys_student WHERE sno = 123456789
2023-03-22 00:25:09,864 INFO [test05_mp_register.py(Register_fixture:19)] - 执行前置SQL：DELETE FROM sys_user WHERE username like 'test%'
2023-03-22 00:25:09,864 INFO [test05_mp_register.py(Register_fixture:20)] - 执行前置SQL：DElETE FROM sys_student WHERE sno = 123456789
2023-03-22 00:25:09,865 INFO [base.py(__init__:19)] - 正在初始化driver：
2023-03-22 00:25:09,865 INFO [base.py(base_click:65)] - 正在对: ('xpath', "//*[text()= '学生注册']/..") 元素执行点击操作 
2023-03-22 00:25:09,865 INFO [base.py(base_find:28)] - 正在查找元素：('xpath', "//*[text()= '学生注册']/..")
2023-03-22 00:25:09,892 INFO [base.py(base_find:28)] - 正在查找元素：('xpath', "//input[@placeholder='请输入账号']")
2023-03-22 00:25:09,914 INFO [base.py(base_input:54)] - 正在对: ('xpath', "//input[@placeholder='请输入账号']")元素执行清空操作! 
2023-03-22 00:25:09,935 INFO [base.py(base_input:57)] - 正在对: ('xpath', "//input[@placeholder='请输入账号']")元素执行输入:test5 操作!
2023-03-22 00:25:09,981 INFO [base.py(base_find:28)] - 正在查找元素：('xpath', "//input[@placeholder='请输入密码']")
2023-03-22 00:25:09,990 INFO [base.py(base_input:54)] - 正在对: ('xpath', "//input[@placeholder='请输入密码']")元素执行清空操作! 
2023-03-22 00:25:10,010 INFO [base.py(base_input:57)] - 正在对: ('xpath', "//input[@placeholder='请输入密码']")元素执行输入:123456 操作!
2023-03-22 00:25:10,062 INFO [base.py(base_find:28)] - 正在查找元素：('xpath', "//input[@placeholder='请确认密码']")
2023-03-22 00:25:10,070 INFO [base.py(base_input:54)] - 正在对: ('xpath', "//input[@placeholder='请确认密码']")元素执行清空操作! 
2023-03-22 00:25:10,088 INFO [base.py(base_input:57)] - 正在对: ('xpath', "//input[@placeholder='请确认密码']")元素执行输入:123456 操作!
2023-03-22 00:25:10,129 INFO [base.py(base_find:28)] - 正在查找元素：('xpath', "//input[@placeholder='请输入姓名']")
2023-03-22 00:25:10,137 INFO [base.py(base_input:54)] - 正在对: ('xpath', "//input[@placeholder='请输入姓名']")元素执行清空操作! 
2023-03-22 00:25:10,157 INFO [base.py(base_input:57)] - 正在对: ('xpath', "//input[@placeholder='请输入姓名']")元素执行输入:导师名 操作!
2023-03-22 00:25:10,187 INFO [base.py(base_find:28)] - 正在查找元素：('xpath', "//input[@placeholder='请输入学号']")
2023-03-22 00:25:10,195 INFO [base.py(base_input:54)] - 正在对: ('xpath', "//input[@placeholder='请输入学号']")元素执行清空操作! 
2023-03-22 00:25:10,216 INFO [base.py(base_input:57)] - 正在对: ('xpath', "//input[@placeholder='请输入学号']")元素执行输入:123456789 操作!
2023-03-22 00:25:10,264 INFO [base.py(base_find:28)] - 正在查找元素：('xpath', "//input[@placeholder='请输入所在院系']")
2023-03-22 00:25:10,272 INFO [base.py(base_input:54)] - 正在对: ('xpath', "//input[@placeholder='请输入所在院系']")元素执行清空操作! 
2023-03-22 00:25:10,291 INFO [base.py(base_input:57)] - 正在对: ('xpath', "//input[@placeholder='请输入所在院系']")元素执行输入:电子信息 操作!
2023-03-22 00:25:10,327 INFO [base.py(base_click:65)] - 正在对: ('xpath', "//span[text()= '注册']/..") 元素执行点击操作 
2023-03-22 00:25:10,327 INFO [base.py(base_find:28)] - 正在查找元素：('xpath', "//span[text()= '注册']/..")
2023-03-22 00:25:10,358 INFO [base.py(base_find:28)] - 正在查找元素：('css selector', '[role="alert"] > p')
2023-03-22 00:25:10,431 INFO [base.py(base_get_text:72)] - 正在对: ('css selector', '[role="alert"] > p')元素获取文本操作!，获取的文本值: 注册成功 
2023-03-22 00:25:10,431 INFO [base.py(base_find:28)] - 正在查找元素：('css selector', '[role="alert"] > p')
2023-03-22 00:25:10,443 INFO [test05_mp_register.py(Register_fixture:24)] - 执行前置SQL：DELETE FROM sys_user WHERE username like 'test%'
2023-03-22 00:25:10,443 INFO [test05_mp_register.py(Register_fixture:25)] - 执行前置SQL：DElETE FROM sys_student WHERE sno = 123456789
2023-03-22 00:25:14,778 INFO [test06_mp_admin.py(Admin_fixture:18)] - 执行前置SQL：DELETE FROM sys_student_teacher WHERE stu_num = '32000'
2023-03-22 00:25:14,778 INFO [base.py(__init__:19)] - 正在初始化driver：
2023-03-22 00:25:14,779 INFO [page_mp_login.py(page_mp_login_admin:62)] - 正在调用管理员登录业务方法，用户名: admin 密码: admin
2023-03-22 00:25:14,779 INFO [base.py(base_find:28)] - 正在查找元素：('css selector', "[placeholder='请输入用户名']")
2023-03-22 00:25:14,786 INFO [base.py(base_input:54)] - 正在对: ('css selector', "[placeholder='请输入用户名']")元素执行清空操作! 
2023-03-22 00:25:14,806 INFO [base.py(base_input:57)] - 正在对: ('css selector', "[placeholder='请输入用户名']")元素执行输入:admin 操作!
2023-03-22 00:25:14,857 INFO [base.py(base_find:28)] - 正在查找元素：('css selector', " [placeholder='请输入密码']")
2023-03-22 00:25:14,865 INFO [base.py(base_input:54)] - 正在对: ('css selector', " [placeholder='请输入密码']")元素执行清空操作! 
2023-03-22 00:25:14,885 INFO [base.py(base_input:57)] - 正在对: ('css selector', " [placeholder='请输入密码']")元素执行输入:admin 操作!
2023-03-22 00:25:14,920 INFO [base.py(base_click:65)] - 正在对: ('css selector', '#login') 元素执行点击操作 
2023-03-22 00:25:14,920 INFO [base.py(base_find:28)] - 正在查找元素：('css selector', '#login')
2023-03-22 00:25:14,951 INFO [base.py(__init__:19)] - 正在初始化driver：
2023-03-22 00:25:14,951 INFO [base.py(base_click:65)] - 正在对: ('xpath', "//span[text()= '学生管理']/..") 元素执行点击操作 
2023-03-22 00:25:14,952 INFO [base.py(base_find:28)] - 正在查找元素：('xpath', "//span[text()= '学生管理']/..")
2023-03-22 00:25:18,051 INFO [base.py(base_find:28)] - 正在查找元素：('xpath', "//input[@placeholder='请输入学号']")
2023-03-22 00:25:18,061 INFO [base.py(base_input:54)] - 正在对: ('xpath', "//input[@placeholder='请输入学号']")元素执行清空操作! 
2023-03-22 00:25:18,081 INFO [base.py(base_input:57)] - 正在对: ('xpath', "//input[@placeholder='请输入学号']")元素执行输入:32000 操作!
2023-03-22 00:25:18,133 INFO [base.py(base_click:65)] - 正在对: ('xpath', "//span[text()= '搜索']/..") 元素执行点击操作 
2023-03-22 00:25:18,134 INFO [base.py(base_find:28)] - 正在查找元素：('xpath', "//span[text()= '搜索']/..")
2023-03-22 00:25:18,163 INFO [base.py(base_click:65)] - 正在对: ('xpath', "//span[text()= ' 选择指导老师 ']/..") 元素执行点击操作 
2023-03-22 00:25:18,163 INFO [base.py(base_find:28)] - 正在查找元素：('xpath', "//span[text()= ' 选择指导老师 ']/..")
2023-03-22 00:25:18,222 INFO [base.py(base_click:65)] - 正在对: ('css selector', " [placeholder='请选择老师']") 元素执行点击操作 
2023-03-22 00:25:18,222 INFO [base.py(base_find:28)] - 正在查找元素：('css selector', " [placeholder='请选择老师']")
2023-03-22 00:25:19,266 INFO [base.py(base_click:65)] - 正在对: ('xpath', "//*[text( )='张三']") 元素执行点击操作 
2023-03-22 00:25:19,266 INFO [base.py(base_find:28)] - 正在查找元素：('xpath', "//*[text( )='张三']")
2023-03-22 00:25:19,304 INFO [base.py(base_click:65)] - 正在对: ('xpath', "//*[@id='app']/section/section/main/div/div[5]/div/div[3]/div/button[2]") 元素执行点击操作 
2023-03-22 00:25:19,304 INFO [base.py(base_find:28)] - 正在查找元素：('xpath', "//*[@id='app']/section/section/main/div/div[5]/div/div[3]/div/button[2]")
2023-03-22 00:25:19,392 INFO [base.py(base_find:28)] - 正在查找元素：('xpath', "//*[@id='app']/section/section/main/div/div[2]/div[3]/table/tbody/tr/td[9]/div")
2023-03-22 00:25:19,430 INFO [base.py(base_get_text:72)] - 正在对: ('xpath', "//*[@id='app']/section/section/main/div/div[2]/div[3]/table/tbody/tr/td[9]/div")元素获取文本操作!，获取的文本值:  
2023-03-22 00:25:19,430 INFO [base.py(base_find:28)] - 正在查找元素：('xpath', "//*[@id='app']/section/section/main/div/div[2]/div[3]/table/tbody/tr/td[9]/div")
2023-03-22 00:25:19,444 INFO [test06_mp_admin.py(Admin_fixture:21)] - 执行前置SQL：DELETE FROM sys_student_teacher WHERE stu_num = '32000'
2023-03-22 00:25:23,526 INFO [base.py(__init__:19)] - 正在初始化driver：
2023-03-22 00:25:23,527 INFO [page_mp_login.py(page_mp_teacher_login:46)] - 正在调用导师登录业务方法，用户名: 11111 密码: 123
2023-03-22 00:25:23,527 INFO [base.py(base_find:28)] - 正在查找元素：('css selector', "[placeholder='请输入用户名']")
2023-03-22 00:25:23,535 INFO [base.py(base_input:54)] - 正在对: ('css selector', "[placeholder='请输入用户名']")元素执行清空操作! 
2023-03-22 00:25:23,554 INFO [base.py(base_input:57)] - 正在对: ('css selector', "[placeholder='请输入用户名']")元素执行输入:11111 操作!
2023-03-22 00:25:23,601 INFO [base.py(base_find:28)] - 正在查找元素：('css selector', " [placeholder='请输入密码']")
2023-03-22 00:25:23,609 INFO [base.py(base_input:54)] - 正在对: ('css selector', " [placeholder='请输入密码']")元素执行清空操作! 
2023-03-22 00:25:23,629 INFO [base.py(base_input:57)] - 正在对: ('css selector', " [placeholder='请输入密码']")元素执行输入:123 操作!
2023-03-22 00:25:23,661 INFO [base.py(base_click:65)] - 正在对: ('css selector', '#login') 元素执行点击操作 
2023-03-22 00:25:23,661 INFO [base.py(base_find:28)] - 正在查找元素：('css selector', '#login')
2023-03-22 00:25:23,692 INFO [base.py(__init__:19)] - 正在初始化driver：
2023-03-22 00:25:23,692 INFO [base.py(base_click:65)] - 正在对: ('xpath', "//span[text()= '审核毕业论文']/..") 元素执行点击操作 
2023-03-22 00:25:23,692 INFO [base.py(base_find:28)] - 正在查找元素：('xpath', "//span[text()= '审核毕业论文']/..")
2023-03-22 00:25:23,785 INFO [base.py(base_click:65)] - 正在对: ('xpath', "//div[text()='student3']/../../td[6]/div/button[2]") 元素执行点击操作 
2023-03-22 00:25:23,785 INFO [base.py(base_find:28)] - 正在查找元素：('xpath', "//div[text()='student3']/../../td[6]/div/button[2]")
2023-03-22 00:25:24,880 INFO [base.py(base_find:28)] - 正在查找元素：('xpath', "//div[text()= '本科毕业单击选择名称.docx']/../../td[3]/div")
2023-03-22 00:25:24,898 INFO [base.py(base_get_text:72)] - 正在对: ('xpath', "//div[text()= '本科毕业单击选择名称.docx']/../../td[3]/div")元素获取文本操作!，获取的文本值: 0.71 
2023-03-22 00:25:24,898 INFO [base.py(base_find:28)] - 正在查找元素：('xpath', "//div[text()= '本科毕业单击选择名称.docx']/../../td[3]/div")
2023-03-22 00:25:29,560 INFO [test07_mp_verify.py(verify_fixture:18)] - 执行前置SQL：DELETE FROM sys_verify WHERE file_id = 40
2023-03-22 00:25:29,561 INFO [base.py(__init__:19)] - 正在初始化driver：
2023-03-22 00:25:29,561 INFO [page_mp_login.py(page_mp_teacher_login:46)] - 正在调用导师登录业务方法，用户名: 11111 密码: 123
2023-03-22 00:25:29,561 INFO [base.py(base_find:28)] - 正在查找元素：('css selector', "[placeholder='请输入用户名']")
2023-03-22 00:25:29,569 INFO [base.py(base_input:54)] - 正在对: ('css selector', "[placeholder='请输入用户名']")元素执行清空操作! 
2023-03-22 00:25:29,589 INFO [base.py(base_input:57)] - 正在对: ('css selector', "[placeholder='请输入用户名']")元素执行输入:11111 操作!
2023-03-22 00:25:29,638 INFO [base.py(base_find:28)] - 正在查找元素：('css selector', " [placeholder='请输入密码']")
2023-03-22 00:25:29,646 INFO [base.py(base_input:54)] - 正在对: ('css selector', " [placeholder='请输入密码']")元素执行清空操作! 
2023-03-22 00:25:29,665 INFO [base.py(base_input:57)] - 正在对: ('css selector', " [placeholder='请输入密码']")元素执行输入:123 操作!
2023-03-22 00:25:29,695 INFO [base.py(base_click:65)] - 正在对: ('css selector', '#login') 元素执行点击操作 
2023-03-22 00:25:29,695 INFO [base.py(base_find:28)] - 正在查找元素：('css selector', '#login')
2023-03-22 00:25:29,726 INFO [base.py(__init__:19)] - 正在初始化driver：
2023-03-22 00:25:29,726 INFO [base.py(base_click:65)] - 正在对: ('xpath', "//span[text()= '审核毕业论文']/..") 元素执行点击操作 
2023-03-22 00:25:29,726 INFO [base.py(base_find:28)] - 正在查找元素：('xpath', "//span[text()= '审核毕业论文']/..")
2023-03-22 00:25:29,829 INFO [base.py(base_click:65)] - 正在对: ('xpath', "//div[text()='student3']/../../td[6]/div/button") 元素执行点击操作 
2023-03-22 00:25:29,829 INFO [base.py(base_find:28)] - 正在查找元素：('xpath', "//div[text()='student3']/../../td[6]/div/button")
2023-03-22 00:25:29,933 INFO [base.py(base_js_click_element:104)] - 正在对: ('xpath', "//*[text()='通过']/../span/input") 元素执行点击操作 
2023-03-22 00:25:29,933 INFO [base.py(base_find:28)] - 正在查找元素：('xpath', "//*[text()='通过']/../span/input")
2023-03-22 00:25:29,950 INFO [base.py(base_find:28)] - 正在查找元素：('xpath', '//textarea')
2023-03-22 00:25:29,959 INFO [base.py(base_input:54)] - 正在对: ('xpath', '//textarea')元素执行清空操作! 
2023-03-22 00:25:29,976 INFO [base.py(base_input:57)] - 正在对: ('xpath', '//textarea')元素执行输入:这是一条测试审核通过的评论 操作!
2023-03-22 00:25:33,061 INFO [base.py(base_click:65)] - 正在对: ('xpath', "//span[text()='提交']/..") 元素执行点击操作 
2023-03-22 00:25:33,061 INFO [base.py(base_find:28)] - 正在查找元素：('xpath', "//span[text()='提交']/..")
2023-03-22 00:25:34,101 INFO [base.py(base_find:28)] - 正在查找元素：('css selector', '[role="alert"] > p')
2023-03-22 00:25:34,119 INFO [base.py(base_get_text:72)] - 正在对: ('css selector', '[role="alert"] > p')元素获取文本操作!，获取的文本值: 审核成功 
2023-03-22 00:25:34,119 INFO [base.py(base_find:28)] - 正在查找元素：('css selector', '[role="alert"] > p')
2023-03-22 00:25:34,155 INFO [test07_mp_verify.py(verify_fixture:21)] - 执行前置SQL：DELETE FROM sys_verify WHERE file_id = 40
2023-03-22 00:25:38,181 INFO [test07_mp_verify.py(verify_fixture:18)] - 执行前置SQL：DELETE FROM sys_verify WHERE file_id = 40
2023-03-22 00:25:38,182 INFO [base.py(__init__:19)] - 正在初始化driver：
2023-03-22 00:25:38,182 INFO [page_mp_login.py(page_mp_teacher_login:46)] - 正在调用导师登录业务方法，用户名: 11111 密码: 123
2023-03-22 00:25:38,182 INFO [base.py(base_find:28)] - 正在查找元素：('css selector', "[placeholder='请输入用户名']")
2023-03-22 00:25:38,190 INFO [base.py(base_input:54)] - 正在对: ('css selector', "[placeholder='请输入用户名']")元素执行清空操作! 
2023-03-22 00:25:38,209 INFO [base.py(base_input:57)] - 正在对: ('css selector', "[placeholder='请输入用户名']")元素执行输入:11111 操作!
2023-03-22 00:25:38,259 INFO [base.py(base_find:28)] - 正在查找元素：('css selector', " [placeholder='请输入密码']")
2023-03-22 00:25:38,267 INFO [base.py(base_input:54)] - 正在对: ('css selector', " [placeholder='请输入密码']")元素执行清空操作! 
2023-03-22 00:25:38,286 INFO [base.py(base_input:57)] - 正在对: ('css selector', " [placeholder='请输入密码']")元素执行输入:123 操作!
2023-03-22 00:25:38,318 INFO [base.py(base_click:65)] - 正在对: ('css selector', '#login') 元素执行点击操作 
2023-03-22 00:25:38,318 INFO [base.py(base_find:28)] - 正在查找元素：('css selector', '#login')
2023-03-22 00:25:38,348 INFO [base.py(__init__:19)] - 正在初始化driver：
2023-03-22 00:25:38,349 INFO [base.py(base_click:65)] - 正在对: ('xpath', "//span[text()= '审核毕业论文']/..") 元素执行点击操作 
2023-03-22 00:25:38,349 INFO [base.py(base_find:28)] - 正在查找元素：('xpath', "//span[text()= '审核毕业论文']/..")
2023-03-22 00:25:38,455 INFO [base.py(base_click:65)] - 正在对: ('xpath', "//div[text()='student3']/../../td[6]/div/button") 元素执行点击操作 
2023-03-22 00:25:38,455 INFO [base.py(base_find:28)] - 正在查找元素：('xpath', "//div[text()='student3']/../../td[6]/div/button")
2023-03-22 00:25:38,556 INFO [base.py(base_js_click_element:104)] - 正在对: ('xpath', "//*[text()='不通过']/../span/input") 元素执行点击操作 
2023-03-22 00:25:38,557 INFO [base.py(base_find:28)] - 正在查找元素：('xpath', "//*[text()='不通过']/../span/input")
2023-03-22 00:25:38,575 INFO [base.py(base_find:28)] - 正在查找元素：('xpath', '//textarea')
2023-03-22 00:25:38,584 INFO [base.py(base_input:54)] - 正在对: ('xpath', '//textarea')元素执行清空操作! 
2023-03-22 00:25:38,602 INFO [base.py(base_input:57)] - 正在对: ('xpath', '//textarea')元素执行输入:这是一条测试审核不通过的评论 操作!
2023-03-22 00:25:41,688 INFO [base.py(base_click:65)] - 正在对: ('xpath', "//span[text()='提交']/..") 元素执行点击操作 
2023-03-22 00:25:41,688 INFO [base.py(base_find:28)] - 正在查找元素：('xpath', "//span[text()='提交']/..")
2023-03-22 00:25:42,732 INFO [base.py(base_find:28)] - 正在查找元素：('css selector', '[role="alert"] > p')
2023-03-22 00:25:42,750 INFO [base.py(base_get_text:72)] - 正在对: ('css selector', '[role="alert"] > p')元素获取文本操作!，获取的文本值: 审核成功 
2023-03-22 00:25:42,750 INFO [base.py(base_find:28)] - 正在查找元素：('css selector', '[role="alert"] > p')
2023-03-22 00:25:42,760 INFO [test07_mp_verify.py(verify_fixture:21)] - 执行前置SQL：DELETE FROM sys_verify WHERE file_id = 40
